2022/04/21 02:12:36 [notice] 1#1: using the "epoll" event method
2022/04/21 02:12:36 [notice] 1#1: nginx/1.21.6
2022/04/21 02:12:36 [notice] 1#1: built by gcc 10.2.1 20210110 (Debian 10.2.1-6) 
2022/04/21 02:12:36 [notice] 1#1: OS: Linux 4.4.0-210-generic
2022/04/21 02:12:36 [notice] 1#1: getrlimit(RLIMIT_NOFILE): 1048576:1048576
2022/04/21 02:12:36 [notice] 1#1: start worker processes
2022/04/21 02:12:36 [notice] 1#1: start worker process 20
2022/04/21 02:21:10 [notice] 1#1: signal 3 (SIGQUIT) received, shutting down
2022/04/21 02:21:10 [notice] 20#20: gracefully shutting down
2022/04/21 02:21:10 [notice] 20#20: exiting
2022/04/21 02:21:10 [notice] 20#20: exit
2022/04/21 02:21:10 [notice] 1#1: signal 17 (SIGCHLD) received from 20
2022/04/21 02:21:10 [notice] 1#1: worker process 20 exited with code 0
2022/04/21 02:21:10 [notice] 1#1: exit
2022/04/21 02:21:14 [notice] 1#1: using the "epoll" event method
2022/04/21 02:21:14 [notice] 1#1: nginx/1.21.6
2022/04/21 02:21:14 [notice] 1#1: built by gcc 10.2.1 20210110 (Debian 10.2.1-6) 
2022/04/21 02:21:14 [notice] 1#1: OS: Linux 4.4.0-210-generic
2022/04/21 02:21:14 [notice] 1#1: getrlimit(RLIMIT_NOFILE): 1048576:1048576
2022/04/21 02:21:14 [notice] 1#1: start worker processes
2022/04/21 02:21:14 [notice] 1#1: start worker process 20
2022/04/21 02:25:35 [error] 20#20: *7 open() "/usr/share/nginx/html/favicon.ico" failed (2: No such file or directory), client: 192.168.70.186, server: , request: "GET /favicon.ico HTTP/1.1", host: "mydomainbnguyen.com", referrer: "http://mydomainbnguyen.com/"
2022/04/21 02:25:47 [error] 20#20: *14 open() "/usr/share/nginx/html/favicon.ico" failed (2: No such file or directory), client: 192.168.70.186, server: , request: "GET /favicon.ico HTTP/2.0", host: "mydomainbnguyen.com", referrer: "https://mydomainbnguyen.com/"
2022/04/21 02:33:00 [error] 20#20: *20 open() "/usr/share/nginx/html/favicon.ico" failed (2: No such file or directory), client: 192.168.70.186, server: , request: "GET /favicon.ico HTTP/1.1", host: "192.168.70.188", referrer: "http://192.168.70.188/"
2022/04/21 02:33:07 [error] 20#20: *27 open() "/usr/share/nginx/html/favicon.ico" failed (2: No such file or directory), client: 192.168.70.186, server: , request: "GET /favicon.ico HTTP/2.0", host: "192.168.70.188", referrer: "https://192.168.70.188/"
2022/04/21 03:10:51 [error] 20#20: *64 open() "/usr/share/nginx/html/favicon.ico" failed (2: No such file or directory), client: 192.168.70.186, server: , request: "GET /favicon.ico HTTP/2.0", host: "mydomainbnguyen.com", referrer: "https://mydomainbnguyen.com/"
2022/04/21 03:17:29 [notice] 1#1: signal 3 (SIGQUIT) received, shutting down
2022/04/21 03:17:29 [notice] 20#20: gracefully shutting down
2022/04/21 03:17:29 [notice] 20#20: exiting
2022/04/21 03:17:29 [notice] 20#20: exit
2022/04/21 03:17:29 [notice] 1#1: signal 17 (SIGCHLD) received from 20
2022/04/21 03:17:29 [notice] 1#1: worker process 20 exited with code 0
2022/04/21 03:17:29 [notice] 1#1: exit
2022/04/21 03:18:06 [notice] 1#1: using the "epoll" event method
2022/04/21 03:18:06 [notice] 1#1: nginx/1.21.6
2022/04/21 03:18:06 [notice] 1#1: built by gcc 10.2.1 20210110 (Debian 10.2.1-6) 
2022/04/21 03:18:06 [notice] 1#1: OS: Linux 4.4.0-210-generic
2022/04/21 03:18:06 [notice] 1#1: getrlimit(RLIMIT_NOFILE): 1048576:1048576
2022/04/21 03:18:06 [notice] 1#1: start worker processes
2022/04/21 03:18:06 [notice] 1#1: start worker process 20
2022/04/21 03:21:57 [notice] 1#1: signal 3 (SIGQUIT) received, shutting down
2022/04/21 03:21:57 [notice] 20#20: gracefully shutting down
2022/04/21 03:21:57 [notice] 20#20: exiting
2022/04/21 03:21:57 [notice] 20#20: exit
2022/04/21 03:21:57 [notice] 1#1: signal 17 (SIGCHLD) received from 20
2022/04/21 03:21:57 [notice] 1#1: worker process 20 exited with code 0
2022/04/21 03:21:57 [notice] 1#1: exit
2022/04/21 03:22:02 [notice] 1#1: using the "epoll" event method
2022/04/21 03:22:02 [notice] 1#1: nginx/1.21.6
2022/04/21 03:22:02 [notice] 1#1: built by gcc 10.2.1 20210110 (Debian 10.2.1-6) 
2022/04/21 03:22:02 [notice] 1#1: OS: Linux 4.4.0-210-generic
2022/04/21 03:22:02 [notice] 1#1: getrlimit(RLIMIT_NOFILE): 1048576:1048576
2022/04/21 03:22:02 [notice] 1#1: start worker processes
2022/04/21 03:22:02 [notice] 1#1: start worker process 22
2022/04/21 03:26:03 [notice] 1#1: signal 3 (SIGQUIT) received, shutting down
2022/04/21 03:26:03 [notice] 22#22: gracefully shutting down
2022/04/21 03:26:03 [notice] 22#22: exiting
2022/04/21 03:26:03 [notice] 22#22: exit
2022/04/21 03:26:03 [notice] 1#1: signal 17 (SIGCHLD) received from 22
2022/04/21 03:26:03 [notice] 1#1: worker process 22 exited with code 0
2022/04/21 03:26:03 [notice] 1#1: exit
2022/04/21 03:26:07 [notice] 1#1: using the "epoll" event method
2022/04/21 03:26:07 [notice] 1#1: nginx/1.21.6
2022/04/21 03:26:07 [notice] 1#1: built by gcc 10.2.1 20210110 (Debian 10.2.1-6) 
2022/04/21 03:26:07 [notice] 1#1: OS: Linux 4.4.0-210-generic
2022/04/21 03:26:07 [notice] 1#1: getrlimit(RLIMIT_NOFILE): 1048576:1048576
2022/04/21 03:26:07 [notice] 1#1: start worker processes
2022/04/21 03:26:07 [notice] 1#1: start worker process 20
2022/04/21 03:31:09 [notice] 1#1: signal 3 (SIGQUIT) received, shutting down
2022/04/21 03:31:09 [notice] 20#20: gracefully shutting down
2022/04/21 03:31:09 [notice] 20#20: exiting
2022/04/21 03:31:09 [notice] 20#20: exit
2022/04/21 03:31:09 [notice] 1#1: signal 17 (SIGCHLD) received from 20
2022/04/21 03:31:09 [notice] 1#1: worker process 20 exited with code 0
2022/04/21 03:31:09 [notice] 1#1: exit
2022/04/21 03:31:11 [notice] 1#1: using the "epoll" event method
2022/04/21 03:31:11 [notice] 1#1: nginx/1.21.6
2022/04/21 03:31:11 [notice] 1#1: built by gcc 10.2.1 20210110 (Debian 10.2.1-6) 
2022/04/21 03:31:11 [notice] 1#1: OS: Linux 4.4.0-210-generic
2022/04/21 03:31:11 [notice] 1#1: getrlimit(RLIMIT_NOFILE): 1048576:1048576
2022/04/21 03:31:11 [notice] 1#1: start worker processes
2022/04/21 03:31:11 [notice] 1#1: start worker process 20
2022/04/21 03:31:12 [notice] 1#1: signal 3 (SIGQUIT) received, shutting down
2022/04/21 03:31:12 [notice] 20#20: gracefully shutting down
2022/04/21 03:31:12 [notice] 20#20: exiting
2022/04/21 03:31:12 [notice] 20#20: exit
2022/04/21 03:31:12 [notice] 1#1: signal 17 (SIGCHLD) received from 20
2022/04/21 03:31:12 [notice] 1#1: worker process 20 exited with code 0
2022/04/21 03:31:12 [notice] 1#1: exit
2022/04/21 03:31:13 [notice] 1#1: using the "epoll" event method
2022/04/21 03:31:13 [notice] 1#1: nginx/1.21.6
2022/04/21 03:31:13 [notice] 1#1: built by gcc 10.2.1 20210110 (Debian 10.2.1-6) 
2022/04/21 03:31:13 [notice] 1#1: OS: Linux 4.4.0-210-generic
2022/04/21 03:31:13 [notice] 1#1: getrlimit(RLIMIT_NOFILE): 1048576:1048576
2022/04/21 03:31:13 [notice] 1#1: start worker processes
2022/04/21 03:31:13 [notice] 1#1: start worker process 20
2022/04/21 03:34:31 [notice] 1#1: signal 3 (SIGQUIT) received, shutting down
2022/04/21 03:34:31 [notice] 20#20: gracefully shutting down
2022/04/21 03:34:31 [notice] 20#20: exiting
2022/04/21 03:34:31 [notice] 20#20: exit
2022/04/21 03:34:31 [notice] 1#1: signal 17 (SIGCHLD) received from 20
2022/04/21 03:34:31 [notice] 1#1: worker process 20 exited with code 0
2022/04/21 03:34:31 [notice] 1#1: exit
2022/04/21 03:34:34 [notice] 1#1: using the "epoll" event method
2022/04/21 03:34:34 [notice] 1#1: nginx/1.21.6
2022/04/21 03:34:34 [notice] 1#1: built by gcc 10.2.1 20210110 (Debian 10.2.1-6) 
2022/04/21 03:34:34 [notice] 1#1: OS: Linux 4.4.0-210-generic
2022/04/21 03:34:34 [notice] 1#1: getrlimit(RLIMIT_NOFILE): 1048576:1048576
2022/04/21 03:34:34 [notice] 1#1: start worker processes
2022/04/21 03:34:34 [notice] 1#1: start worker process 20
2022/04/21 03:54:45 [notice] 1#1: signal 3 (SIGQUIT) received, shutting down
2022/04/21 03:54:45 [notice] 20#20: gracefully shutting down
2022/04/21 03:54:45 [notice] 20#20: exiting
2022/04/21 03:54:45 [notice] 20#20: exit
2022/04/21 03:54:45 [notice] 1#1: signal 17 (SIGCHLD) received from 20
2022/04/21 03:54:45 [notice] 1#1: worker process 20 exited with code 0
2022/04/21 03:54:45 [notice] 1#1: exit
2022/04/21 03:54:51 [notice] 1#1: using the "epoll" event method
2022/04/21 03:54:51 [notice] 1#1: nginx/1.21.6
2022/04/21 03:54:51 [notice] 1#1: built by gcc 10.2.1 20210110 (Debian 10.2.1-6) 
2022/04/21 03:54:51 [notice] 1#1: OS: Linux 4.4.0-210-generic
2022/04/21 03:54:51 [notice] 1#1: getrlimit(RLIMIT_NOFILE): 1048576:1048576
2022/04/21 03:54:51 [notice] 1#1: start worker processes
2022/04/21 03:54:51 [notice] 1#1: start worker process 20
2022/04/21 04:18:34 [notice] 1#1: signal 3 (SIGQUIT) received, shutting down
2022/04/21 04:18:34 [notice] 20#20: gracefully shutting down
2022/04/21 04:18:34 [notice] 20#20: exiting
2022/04/21 04:18:34 [notice] 20#20: exit
2022/04/21 04:18:34 [notice] 1#1: signal 17 (SIGCHLD) received from 20
2022/04/21 04:18:34 [notice] 1#1: worker process 20 exited with code 0
2022/04/21 04:18:34 [notice] 1#1: exit
2022/04/21 04:18:40 [notice] 1#1: using the "epoll" event method
2022/04/21 04:18:40 [notice] 1#1: nginx/1.21.6
2022/04/21 04:18:40 [notice] 1#1: built by gcc 10.2.1 20210110 (Debian 10.2.1-6) 
2022/04/21 04:18:40 [notice] 1#1: OS: Linux 4.4.0-210-generic
2022/04/21 04:18:40 [notice] 1#1: getrlimit(RLIMIT_NOFILE): 1048576:1048576
2022/04/21 04:18:40 [notice] 1#1: start worker processes
2022/04/21 04:18:40 [notice] 1#1: start worker process 20
2022/04/21 04:22:07 [notice] 1#1: signal 3 (SIGQUIT) received, shutting down
2022/04/21 04:22:07 [notice] 20#20: gracefully shutting down
2022/04/21 04:22:07 [notice] 20#20: exiting
2022/04/21 04:22:07 [notice] 20#20: exit
2022/04/21 04:22:07 [notice] 1#1: signal 17 (SIGCHLD) received from 20
2022/04/21 04:22:07 [notice] 1#1: worker process 20 exited with code 0
2022/04/21 04:22:07 [notice] 1#1: exit
2022/04/21 04:22:13 [notice] 1#1: using the "epoll" event method
2022/04/21 04:22:13 [notice] 1#1: nginx/1.21.6
2022/04/21 04:22:13 [notice] 1#1: built by gcc 10.2.1 20210110 (Debian 10.2.1-6) 
2022/04/21 04:22:13 [notice] 1#1: OS: Linux 4.4.0-210-generic
2022/04/21 04:22:13 [notice] 1#1: getrlimit(RLIMIT_NOFILE): 1048576:1048576
2022/04/21 04:22:13 [notice] 1#1: start worker processes
2022/04/21 04:22:13 [notice] 1#1: start worker process 20
2022/04/21 04:40:29 [error] 20#20: *23 open() "/usr/share/nginx/html/favicon.ico" failed (2: No such file or directory), client: 192.168.70.186, server: , request: "GET /favicon.ico HTTP/2.0", host: "domainbnguyen.com", referrer: "https://domainbnguyen.com/"
2022/04/22 02:18:23 [notice] 1#1: using the "epoll" event method
2022/04/22 02:18:23 [notice] 1#1: nginx/1.21.6
2022/04/22 02:18:23 [notice] 1#1: built by gcc 10.2.1 20210110 (Debian 10.2.1-6) 
2022/04/22 02:18:23 [notice] 1#1: OS: Linux 4.4.0-210-generic
2022/04/22 02:18:23 [notice] 1#1: getrlimit(RLIMIT_NOFILE): 1048576:1048576
2022/04/22 02:18:23 [notice] 1#1: start worker processes
2022/04/22 02:18:23 [notice] 1#1: start worker process 20
2022/04/22 02:25:53 [notice] 32#32: signal process started
2022/04/22 02:25:53 [notice] 1#1: signal 1 (SIGHUP) received from 32, reconfiguring
2022/04/22 02:25:53 [notice] 1#1: reconfiguring
2022/04/22 02:25:53 [notice] 1#1: using the "epoll" event method
2022/04/22 02:25:53 [notice] 1#1: start worker processes
2022/04/22 02:25:53 [notice] 1#1: start worker process 33
2022/04/22 02:25:53 [notice] 20#20: gracefully shutting down
2022/04/22 02:25:53 [notice] 20#20: exiting
2022/04/22 02:25:53 [notice] 20#20: exit
2022/04/22 02:25:53 [notice] 1#1: signal 17 (SIGCHLD) received from 20
2022/04/22 02:25:53 [notice] 1#1: worker process 20 exited with code 0
2022/04/22 02:25:53 [notice] 1#1: signal 29 (SIGIO) received
2022/04/22 02:26:04 [notice] 1#1: signal 3 (SIGQUIT) received, shutting down
2022/04/22 02:26:04 [notice] 33#33: gracefully shutting down
2022/04/22 02:26:04 [notice] 33#33: exiting
2022/04/22 02:26:04 [notice] 33#33: exit
2022/04/22 02:26:04 [notice] 1#1: signal 17 (SIGCHLD) received from 33
2022/04/22 02:26:04 [notice] 1#1: worker process 33 exited with code 0
2022/04/22 02:26:04 [notice] 1#1: exit
2022/04/22 02:26:12 [notice] 1#1: using the "epoll" event method
2022/04/22 02:26:12 [notice] 1#1: nginx/1.21.6
2022/04/22 02:26:12 [notice] 1#1: built by gcc 10.2.1 20210110 (Debian 10.2.1-6) 
2022/04/22 02:26:12 [notice] 1#1: OS: Linux 4.4.0-210-generic
2022/04/22 02:26:12 [notice] 1#1: getrlimit(RLIMIT_NOFILE): 1048576:1048576
2022/04/22 02:26:12 [notice] 1#1: start worker processes
2022/04/22 02:26:12 [notice] 1#1: start worker process 20
2022/04/22 02:33:12 [notice] 1#1: signal 3 (SIGQUIT) received, shutting down
2022/04/22 02:33:12 [notice] 20#20: gracefully shutting down
2022/04/22 02:33:12 [notice] 20#20: exiting
2022/04/22 02:33:12 [notice] 20#20: exit
2022/04/22 02:33:12 [notice] 1#1: signal 17 (SIGCHLD) received from 20
2022/04/22 02:33:12 [notice] 1#1: worker process 20 exited with code 0
2022/04/22 02:33:12 [notice] 1#1: exit
2022/04/22 02:33:52 [notice] 1#1: using the "epoll" event method
2022/04/22 02:33:52 [notice] 1#1: nginx/1.21.6
2022/04/22 02:33:52 [notice] 1#1: built by gcc 10.2.1 20210110 (Debian 10.2.1-6) 
2022/04/22 02:33:52 [notice] 1#1: OS: Linux 4.4.0-210-generic
2022/04/22 02:33:52 [notice] 1#1: getrlimit(RLIMIT_NOFILE): 1048576:1048576
2022/04/22 02:33:52 [notice] 1#1: start worker processes
2022/04/22 02:33:52 [notice] 1#1: start worker process 20
2022/04/22 02:34:50 [notice] 26#26: signal process started
2022/04/22 02:34:50 [notice] 1#1: signal 1 (SIGHUP) received from 26, reconfiguring
2022/04/22 02:34:50 [notice] 1#1: reconfiguring
2022/04/22 02:34:50 [notice] 1#1: using the "epoll" event method
2022/04/22 02:34:50 [notice] 1#1: start worker processes
2022/04/22 02:34:50 [notice] 1#1: start worker process 27
2022/04/22 02:34:50 [notice] 20#20: gracefully shutting down
2022/04/22 02:34:50 [notice] 20#20: exiting
2022/04/22 02:34:50 [notice] 20#20: exit
2022/04/22 02:34:50 [notice] 1#1: signal 17 (SIGCHLD) received from 20
2022/04/22 02:34:50 [notice] 1#1: worker process 20 exited with code 0
2022/04/22 02:34:50 [notice] 1#1: signal 29 (SIGIO) received
2022/04/22 02:37:48 [emerg] 29#29: cannot load certificate "/etc/ssl/certs/nginx-selfsigned.crt": BIO_new_file() failed (SSL: error:02001002:system library:fopen:No such file or directory:fopen('/etc/ssl/certs/nginx-selfsigned.crt','r') error:2006D080:BIO routines:BIO_new_file:no such file)
2022/04/22 02:39:49 [notice] 1#1: signal 3 (SIGQUIT) received, shutting down
2022/04/22 02:39:49 [notice] 27#27: gracefully shutting down
2022/04/22 02:39:49 [notice] 27#27: exiting
2022/04/22 02:39:49 [notice] 27#27: exit
2022/04/22 02:39:49 [notice] 1#1: signal 17 (SIGCHLD) received from 27
2022/04/22 02:39:49 [notice] 1#1: worker process 27 exited with code 0
2022/04/22 02:39:49 [notice] 1#1: exit
2022/04/22 02:51:46 [emerg] 1#1: cannot load certificate key "/etc/ssl/private/nginx-selfsigned.key": BIO_new_file() failed (SSL: error:02001002:system library:fopen:No such file or directory:fopen('/etc/ssl/private/nginx-selfsigned.key','r') error:2006D080:BIO routines:BIO_new_file:no such file)
2022/04/22 02:52:15 [emerg] 1#1: cannot load certificate key "/etc/ssl/private/nginx-selfsigned.key": BIO_new_file() failed (SSL: error:02001002:system library:fopen:No such file or directory:fopen('/etc/ssl/private/nginx-selfsigned.key','r') error:2006D080:BIO routines:BIO_new_file:no such file)
2022/04/22 02:52:40 [notice] 1#1: using the "epoll" event method
2022/04/22 02:52:40 [notice] 1#1: nginx/1.21.6
2022/04/22 02:52:40 [notice] 1#1: built by gcc 10.2.1 20210110 (Debian 10.2.1-6) 
2022/04/22 02:52:40 [notice] 1#1: OS: Linux 4.4.0-210-generic
2022/04/22 02:52:40 [notice] 1#1: getrlimit(RLIMIT_NOFILE): 1048576:1048576
2022/04/22 02:52:40 [notice] 1#1: start worker processes
2022/04/22 02:52:40 [notice] 1#1: start worker process 20
2022/04/22 03:01:01 [notice] 1#1: using the "epoll" event method
2022/04/22 03:01:01 [notice] 1#1: nginx/1.21.6
2022/04/22 03:01:01 [notice] 1#1: built by gcc 10.2.1 20210110 (Debian 10.2.1-6) 
2022/04/22 03:01:01 [notice] 1#1: OS: Linux 4.4.0-210-generic
2022/04/22 03:01:01 [notice] 1#1: getrlimit(RLIMIT_NOFILE): 1048576:1048576
2022/04/22 03:01:01 [notice] 1#1: start worker processes
2022/04/22 03:01:01 [notice] 1#1: start worker process 20
2022/04/22 03:26:23 [notice] 1#1: signal 3 (SIGQUIT) received, shutting down
2022/04/22 03:26:23 [notice] 20#20: gracefully shutting down
2022/04/22 03:26:23 [notice] 20#20: exiting
2022/04/22 03:26:23 [notice] 20#20: exit
2022/04/22 03:26:23 [notice] 1#1: signal 17 (SIGCHLD) received from 20
2022/04/22 03:26:23 [notice] 1#1: worker process 20 exited with code 0
2022/04/22 03:26:23 [notice] 1#1: exit
2022/04/24 07:37:09 [notice] 1#1: using the "epoll" event method
2022/04/24 07:37:09 [notice] 1#1: nginx/1.21.6
2022/04/24 07:37:09 [notice] 1#1: built by gcc 10.2.1 20210110 (Debian 10.2.1-6) 
2022/04/24 07:37:09 [notice] 1#1: OS: Linux 4.4.0-210-generic
2022/04/24 07:37:09 [notice] 1#1: getrlimit(RLIMIT_NOFILE): 1048576:1048576
2022/04/24 07:37:09 [notice] 1#1: start worker processes
2022/04/24 07:37:09 [notice] 1#1: start worker process 20
